<?xml version="1.0" encoding="utf-8"?><testsuites name="pytest tests"><testsuite name="pytest" errors="0" failures="0" skipped="0" tests="14" time="3.846" timestamp="2026-04-09T18:46:58.850389+00:00" hostname="agent-env-5c9bc3b1-22c5-42c4-b59f-cedc54ef0620"><testcase classname="backend.tests.test_auth_bearer.TestHealthCheck" name="test_api_root" time="0.327" /><testcase classname="backend.tests.test_auth_bearer.TestAuthLogin" name="test_login_success_returns_tokens" time="0.332" /><testcase classname="backend.tests.test_auth_bearer.TestAuthLogin" name="test_login_invalid_credentials" time="0.342" /><testcase classname="backend.tests.test_auth_bearer.TestAuthLogin" name="test_login_nonexistent_user" time="0.202" /><testcase classname="backend.tests.test_auth_bearer.TestAuthRegister" name="test_register_success_returns_tokens" time="0.334" /><testcase classname="backend.tests.test_auth_bearer.TestAuthRegister" name="test_register_duplicate_email_returns_400" time="0.131" /><testcase classname="backend.tests.test_auth_bearer.TestAuthMe" name="test_get_me_with_bearer_token" time="0.519" /><testcase classname="backend.tests.test_auth_bearer.TestAuthMe" name="test_get_me_without_token_returns_401" time="0.108" /><testcase classname="backend.tests.test_auth_bearer.TestAuthMe" name="test_get_me_with_invalid_token_returns_401" time="0.157" /><testcase classname="backend.tests.test_auth_bearer.TestAuthLogout" name="test_logout_returns_success" time="0.136" /><testcase classname="backend.tests.test_auth_bearer.TestDashboardWithAuth" name="test_dashboard_stats_with_token" time="0.472" /><testcase classname="backend.tests.test_auth_bearer.TestDashboardWithAuth" name="test_dashboard_stats_without_token_returns_401" time="0.123" /><testcase classname="backend.tests.test_auth_bearer.TestProfileWithAuth" name="test_get_profile_with_token" time="0.439" /><testcase classname="backend.tests.test_auth_bearer.TestProfileWithAuth" name="test_get_profile_without_token_returns_401" time="0.149" /></testsuite></testsuites>